New log file opened at Fri Jun 12 22:04:55 IST 2015 by 8080@bhushan
jvm 8080@bhushan
jvm vmName=Java HotSpot(TM) 64-Bit Server VM vmVendor=Oracle Corporation vmVersion=25.45-b02
jvm specName=Java Virtual Machine Specification specVendor=Oracle Corporation specVersion=1.8
jvm arguments: [-Xms256m, -Xmx1024m, -XX:MetaspaceSize=64m, -XX:MaxMetaspaceSize=256m]
Starting event engine
Starting sbt command engine
Waiting for sbt command engine
Command engine arguments=List()
Command engine baseDirectory=C:\Users\bhushans\reactive-orientation
Command engine initial remaining commands List(--initialize, onFailure load-failed, boot, server-send-ready-for-request, server-handle-next-server-request)
> --initialize
> initialize
> onFailure load-failed
> boot
> reload
[Loading] Scanning directory C:\Users\bhushans\reactive-orientation\project
[Loading] Found non-root projects 
[Loading] Done in C:\Users\bhushans\reactive-orientation\project, returning: ()
deducing auto plugins based on known facts Set(Atom(sbt.plugins.CorePlugin)) and clauses Clauses(List(Clause(Atom(sbt.plugins.JvmPlugin),Set(Atom(sbt.plugins.IvyPlugin))), Clause(Atom(sbt.plugins.JUnitXmlReportPlugin),Set(Atom(sbt.plugins.JvmPlugin))), Clause(Atom(sbt.plugins.CorePlugin),Set(Atom(sbt.plugins.IvyPlugin))), Clause(Atom(sbt.plugins.IvyPlugin),Set(Atom(sbt.plugins.JvmPlugin))), Clause(Atom(sbt.plugins.JvmPlugin),Set(Atom(sbt.plugins.JUnitXmlReportPlugin)))))
  :: deduced result: Matched(sbt.plugins.CorePlugin,sbt.plugins.IvyPlugin,sbt.plugins.JvmPlugin,sbt.plugins.JUnitXmlReportPlugin)
sorting: ns: List(sbt.plugins.CorePlugin, sbt.plugins.IvyPlugin, sbt.plugins.JvmPlugin, sbt.plugins.JUnitXmlReportPlugin)
  :: sorting:: found: List(sbt.plugins.CorePlugin) not found List(sbt.plugins.IvyPlugin, sbt.plugins.JvmPlugin, sbt.plugins.JUnitXmlReportPlugin)
  :: sorting:: found: List(sbt.plugins.CorePlugin, sbt.plugins.IvyPlugin) not found List(sbt.plugins.JvmPlugin, sbt.plugins.JUnitXmlReportPlugin)
  :: sorting:: found: List(sbt.plugins.CorePlugin, sbt.plugins.IvyPlugin, sbt.plugins.JvmPlugin) not found List(sbt.plugins.JUnitXmlReportPlugin)
  :: sorting:: found: List(sbt.plugins.CorePlugin, sbt.plugins.IvyPlugin, sbt.plugins.JvmPlugin, sbt.plugins.JUnitXmlReportPlugin) not found List()
  :: sorted deduced result: List(sbt.plugins.CorePlugin, sbt.plugins.IvyPlugin, sbt.plugins.JvmPlugin, sbt.plugins.JUnitXmlReportPlugin)
[Loading] Done in C:\Users\bhushans\reactive-orientation\project, returning: (reactive-orientation-build)
Loading project definition from C:\Users\bhushans\reactive-orientation\project
Running task... Cancel: sbt.TaskCancellationStrategy$Null$@4d0836ca, check cycles: false

Initial source changes: 
	removed:Set()
	added: Set()
	modified: Set()
Removed products: Set()
External API changes: API Changes: Set()
Modified binary dependencies: Set()
Initial directly invalidated sources: Set()

Sources indirectly invalidated by:
	product: Set()
	binary dep: Set()
	external source: Set()
All initially invalidated sources: Set()

Copy resource mappings: 
	
[Loading] Scanning directory C:\Users\bhushans\reactive-orientation
[Loading] Found root project root w/ remaining 
deducing auto plugins based on known facts Set(Atom(play.PlayScala), Atom(sbt.plugins.CorePlugin)) and clauses Clauses(List(Clause(Atom(sbt.plugins.JvmPlugin),Set(Atom(sbt.plugins.IvyPlugin))), Clause(Atom(sbt.plugins.JUnitXmlReportPlugin),Set(Atom(sbt.plugins.JvmPlugin))), Clause(Atom(play.sbt.forkrun.PlayForkRun),Set(Atom(sbt.plugins.BackgroundRunPlugin))), Clause(Atom(play.sbt.forkrun.PlayForkRun),Set(Atom(play.Play))), Clause(Atom(play.sbt.forkrun.PlayForkRun),Set(Atom(sbt.plugins.SerializersPlugin))), Clause(Atom(play.Play),Set(Atom(com.typesafe.sbt.webdriver.SbtWebDriver))), Clause(Atom(play.Play),Set(Atom(play.twirl.sbt.SbtTwirl))), Clause(Atom(play.Play),Set(Atom(com.typesafe.sbt.jse.SbtJsTask))), Clause(Atom(play.PlayJava),Set(Atom(play.Play))), Clause(Atom(play.PlayScala),Set(Atom(play.Play))), Clause(Atom(play.twirl.sbt.SbtTwirl),Set(Atom(sbt.plugins.JvmPlugin))), Clause(Atom(com.typesafe.sbt.jse.SbtJsEngine),Set(Atom(com.typesafe.sbt.web.SbtWeb))), Clause(Atom(com.typesafe.sbt.jse.SbtJsTask),Set(Atom(com.typesafe.sbt.jse.SbtJsEngine))), Clause(Atom(com.typesafe.sbt.webdriver.SbtWebDriver),Set(Atom(com.typesafe.sbt.web.SbtWeb))), Clause(Atom(sbt.plugins.BackgroundRunPlugin),Set(Atom(sbt.plugins.JvmPlugin))), Clause(Atom(sbt.plugins.CorePlugin),Set(Atom(sbt.plugins.IvyPlugin))), Clause(Atom(sbt.plugins.IvyPlugin),Set(Atom(sbt.plugins.JvmPlugin))), Clause(Atom(sbt.plugins.JvmPlugin),Set(Atom(sbt.plugins.JUnitXmlReportPlugin))), Clause(And(Set(Atom(sbt.plugins.BackgroundRunPlugin), Atom(play.Play), Atom(sbt.plugins.SerializersPlugin))),Set(Atom(play.sbt.forkrun.PlayForkRun))), Clause(Atom(com.typesafe.sbt.web.SbtWeb),Set(Atom(com.typesafe.sbt.jse.SbtJsEngine))), Clause(Atom(com.typesafe.sbt.jse.SbtJsEngine),Set(Atom(com.typesafe.sbt.jse.SbtJsTask))), Clause(Atom(com.typesafe.sbt.web.SbtWeb),Set(Atom(com.typesafe.sbt.webdriver.SbtWebDriver))), Clause(Atom(sbt.plugins.JvmPlugin),Set(Atom(sbt.plugins.BackgroundRunPlugin))), Clause(Atom(sbt.plugins.CorePlugin),Set(Atom(sbt.plugins.InteractionServicePlugin))), Clause(Atom(sbt.plugins.CorePlugin),Set(Atom(sbt.plugins.SendEventServicePlugin))), Clause(Atom(sbt.plugins.CorePlugin),Set(Atom(sbt.plugins.SerializersPlugin)))))
  :: deduced result: Matched(sbt.plugins.CorePlugin,play.PlayScala,sbt.plugins.InteractionServicePlugin,sbt.plugins.SendEventServicePlugin,play.Play,sbt.plugins.SerializersPlugin,sbt.plugins.IvyPlugin,sbt.plugins.JvmPlugin,com.typesafe.sbt.jse.SbtJsTask,play.twirl.sbt.SbtTwirl,com.typesafe.sbt.webdriver.SbtWebDriver,sbt.plugins.BackgroundRunPlugin,sbt.plugins.JUnitXmlReportPlugin,com.typesafe.sbt.web.SbtWeb,com.typesafe.sbt.jse.SbtJsEngine,play.sbt.forkrun.PlayForkRun)
sorting: ns: List(sbt.plugins.CorePlugin, play.PlayScala, sbt.plugins.InteractionServicePlugin, sbt.plugins.SendEventServicePlugin, play.Play, sbt.plugins.SerializersPlugin, sbt.plugins.IvyPlugin, sbt.plugins.JvmPlugin, com.typesafe.sbt.jse.SbtJsTask, play.twirl.sbt.SbtTwirl, com.typesafe.sbt.webdriver.SbtWebDriver, sbt.plugins.BackgroundRunPlugin, sbt.plugins.JUnitXmlReportPlugin, com.typesafe.sbt.web.SbtWeb, com.typesafe.sbt.jse.SbtJsEngine, play.sbt.forkrun.PlayForkRun)
  :: sorting:: found: List(sbt.plugins.CorePlugin, com.typesafe.sbt.web.SbtWeb) not found List(play.PlayScala, sbt.plugins.InteractionServicePlugin, sbt.plugins.SendEventServicePlugin, play.Play, sbt.plugins.SerializersPlugin, sbt.plugins.IvyPlugin, sbt.plugins.JvmPlugin, com.typesafe.sbt.jse.SbtJsTask, play.twirl.sbt.SbtTwirl, com.typesafe.sbt.webdriver.SbtWebDriver, sbt.plugins.BackgroundRunPlugin, sbt.plugins.JUnitXmlReportPlugin, com.typesafe.sbt.jse.SbtJsEngine, play.sbt.forkrun.PlayForkRun)
  :: sorting:: found: List(sbt.plugins.CorePlugin, com.typesafe.sbt.web.SbtWeb, sbt.plugins.InteractionServicePlugin, sbt.plugins.SendEventServicePlugin, sbt.plugins.SerializersPlugin, sbt.plugins.IvyPlugin, com.typesafe.sbt.webdriver.SbtWebDriver, com.typesafe.sbt.jse.SbtJsEngine) not found List(play.PlayScala, play.Play, sbt.plugins.JvmPlugin, com.typesafe.sbt.jse.SbtJsTask, play.twirl.sbt.SbtTwirl, sbt.plugins.BackgroundRunPlugin, sbt.plugins.JUnitXmlReportPlugin, play.sbt.forkrun.PlayForkRun)
  :: sorting:: found: List(sbt.plugins.CorePlugin, com.typesafe.sbt.web.SbtWeb, sbt.plugins.InteractionServicePlugin, sbt.plugins.SendEventServicePlugin, sbt.plugins.SerializersPlugin, sbt.plugins.IvyPlugin, com.typesafe.sbt.webdriver.SbtWebDriver, com.typesafe.sbt.jse.SbtJsEngine, sbt.plugins.JvmPlugin, com.typesafe.sbt.jse.SbtJsTask) not found List(play.PlayScala, play.Play, play.twirl.sbt.SbtTwirl, sbt.plugins.BackgroundRunPlugin, sbt.plugins.JUnitXmlReportPlugin, play.sbt.forkrun.PlayForkRun)
  :: sorting:: found: List(sbt.plugins.CorePlugin, com.typesafe.sbt.web.SbtWeb, sbt.plugins.InteractionServicePlugin, sbt.plugins.SendEventServicePlugin, sbt.plugins.SerializersPlugin, sbt.plugins.IvyPlugin, com.typesafe.sbt.webdriver.SbtWebDriver, com.typesafe.sbt.jse.SbtJsEngine, sbt.plugins.JvmPlugin, com.typesafe.sbt.jse.SbtJsTask, play.twirl.sbt.SbtTwirl, sbt.plugins.BackgroundRunPlugin, sbt.plugins.JUnitXmlReportPlugin) not found List(play.PlayScala, play.Play, play.sbt.forkrun.PlayForkRun)
  :: sorting:: found: List(sbt.plugins.CorePlugin, com.typesafe.sbt.web.SbtWeb, sbt.plugins.InteractionServicePlugin, sbt.plugins.SendEventServicePlugin, sbt.plugins.SerializersPlugin, sbt.plugins.IvyPlugin, com.typesafe.sbt.webdriver.SbtWebDriver, com.typesafe.sbt.jse.SbtJsEngine, sbt.plugins.JvmPlugin, com.typesafe.sbt.jse.SbtJsTask, play.twirl.sbt.SbtTwirl, sbt.plugins.BackgroundRunPlugin, sbt.plugins.JUnitXmlReportPlugin, play.Play) not found List(play.PlayScala, play.sbt.forkrun.PlayForkRun)
  :: sorting:: found: List(sbt.plugins.CorePlugin, com.typesafe.sbt.web.SbtWeb, sbt.plugins.InteractionServicePlugin, sbt.plugins.SendEventServicePlugin, sbt.plugins.SerializersPlugin, sbt.plugins.IvyPlugin, com.typesafe.sbt.webdriver.SbtWebDriver, com.typesafe.sbt.jse.SbtJsEngine, sbt.plugins.JvmPlugin, com.typesafe.sbt.jse.SbtJsTask, play.twirl.sbt.SbtTwirl, sbt.plugins.BackgroundRunPlugin, sbt.plugins.JUnitXmlReportPlugin, play.Play, play.PlayScala, play.sbt.forkrun.PlayForkRun) not found List()
  :: sorted deduced result: List(sbt.plugins.CorePlugin, com.typesafe.sbt.web.SbtWeb, sbt.plugins.InteractionServicePlugin, sbt.plugins.SendEventServicePlugin, sbt.plugins.SerializersPlugin, sbt.plugins.IvyPlugin, com.typesafe.sbt.webdriver.SbtWebDriver, com.typesafe.sbt.jse.SbtJsEngine, sbt.plugins.JvmPlugin, com.typesafe.sbt.jse.SbtJsTask, play.twirl.sbt.SbtTwirl, sbt.plugins.BackgroundRunPlugin, sbt.plugins.JUnitXmlReportPlugin, play.Play, play.PlayScala, play.sbt.forkrun.PlayForkRun)
[Loading] Done in C:\Users\bhushans\reactive-orientation, returning: (root)
Set current project to reactive-orientation (in build file:/C:/Users/bhushans/reactive-orientation/)
Reapplying settings...
Set current project to reactive-orientation (in build file:/C:/Users/bhushans/reactive-orientation/)
> iflast shell
> server-send-ready-for-request
> server-handle-next-server-request
> compile
Evaluating tasks: compile:compile
Running task... Cancel: sbt.server.ServerTaskCancellation@2534ca10, check cycles: false

Initial source changes: 
	removed:Set()
	added: Set()
	modified: Set()
Removed products: Set()
External API changes: API Changes: Set()
Modified binary dependencies: Set()
Initial directly invalidated sources: Set()

Sources indirectly invalidated by:
	product: Set()
	binary dep: Set()
	external source: Set()
All initially invalidated sources: Set()

Total time: 2 s, completed Jun 12, 2015 10:05:08 PM
> server-post-command-cleanup
> server-handle-next-server-request
> {file:/C:/Users/bhushans/reactive-orientation/}root/compile:discoveredMainClasses
Evaluating tasks: compile:discoveredMainClasses
Running task... Cancel: sbt.server.ServerTaskCancellation@a4e68c2, check cycles: false

Initial source changes: 
	removed:Set()
	added: Set()
	modified: Set()
Removed products: Set()
External API changes: API Changes: Set()
Modified binary dependencies: Set()
Initial directly invalidated sources: Set()

Sources indirectly invalidated by:
	product: Set()
	binary dep: Set()
	external source: Set()
All initially invalidated sources: Set()

Total time: 1 s, completed Jun 12, 2015 10:05:09 PM
> server-post-command-cleanup
> server-handle-next-server-request
> {file:/C:/Users/bhushans/reactive-orientation/}root/compile:mainClass
Evaluating tasks: compile:mainClass
Running task... Cancel: sbt.server.ServerTaskCancellation@267ffa0e, check cycles: false
Total time: 0 s, completed Jun 12, 2015 10:05:09 PM
> server-post-command-cleanup
> server-handle-next-server-request
> {file:/C:/Users/bhushans/reactive-orientation/}root/compile:discoveredMainClasses
Evaluating tasks: compile:discoveredMainClasses
Running task... Cancel: sbt.server.ServerTaskCancellation@dbdb87c, check cycles: false

Initial source changes: 
	removed:Set()
	added: Set()
	modified: Set()
Removed products: Set()
External API changes: API Changes: Set()
Modified binary dependencies: Set()
Initial directly invalidated sources: Set()

Sources indirectly invalidated by:
	product: Set()
	binary dep: Set()
	external source: Set()
All initially invalidated sources: Set()

Total time: 1 s, completed Jun 12, 2015 10:05:10 PM
> server-post-command-cleanup
> server-handle-next-server-request
> backgroundRun
Evaluating tasks: compile:backgroundRun
Running task... Cancel: sbt.server.ServerTaskCancellation@2737069c, check cycles: false
Total time: 1 s, completed Jun 12, 2015 10:12:45 PM
> server-post-command-cleanup
> server-handle-next-server-request
> {file:/C:/Users/bhushans/reactive-orientation/}root/*:playForkConfig
Evaluating tasks: *:playForkConfig
Running task... Cancel: sbt.server.ServerTaskCancellation@4406df46, check cycles: false
Total time: 1 s, completed Jun 12, 2015 10:12:53 PM
> server-post-command-cleanup
> server-handle-next-server-request
> root/playForkNotifyStart http://localhost:9000
Evaluating tasks: *:playForkNotifyStart
Running task... Cancel: sbt.server.ServerTaskCancellation@60e02538, check cycles: false
Total time: 0 s, completed Jun 12, 2015 10:12:54 PM
> server-post-command-cleanup
> server-handle-next-server-request
> {file:/C:/Users/bhushans/reactive-orientation/}root/*:playForkReload
Evaluating tasks: *:playForkReload
Running task... Cancel: sbt.server.ServerTaskCancellation@15df506a, check cycles: false

Initial source changes: 
	removed:Set()
	added: Set()
	modified: Set()
Removed products: Set()
External API changes: API Changes: Set()
Modified binary dependencies: Set()
Initial directly invalidated sources: Set()

Sources indirectly invalidated by:
	product: Set()
	binary dep: Set()
	external source: Set()
All initially invalidated sources: Set()

Copy resource mappings: 
	(C:\Users\bhushans\reactive-orientation\target\scala-2.11\resource_managed\main\public\templates\index.js,C:\Users\bhushans\reactive-orientation\target\scala-2.11\classes\public\templates\index.js)
	(C:\Users\bhushans\reactive-orientation\target\scala-2.11\resource_managed\main\public\templates\templates.pre.js,C:\Users\bhushans\reactive-orientation\target\scala-2.11\classes\public\templates\templates.pre.js)
	(C:\Users\bhushans\reactive-orientation\target\scala-2.11\resource_managed\main\public\templates\application.js,C:\Users\bhushans\reactive-orientation\target\scala-2.11\classes\public\templates\application.js)
	(C:\Users\bhushans\reactive-orientation\target\scala-2.11\resource_managed\main\public\templates\device.js,C:\Users\bhushans\reactive-orientation\target\scala-2.11\classes\public\templates\device.js)
	(C:\Users\bhushans\reactive-orientation\target\scala-2.11\resource_managed\main\public\templates\templates.pre.min.js,C:\Users\bhushans\reactive-orientation\target\scala-2.11\classes\public\templates\templates.pre.min.js)
	(C:\Users\bhushans\reactive-orientation\conf\application.conf,C:\Users\bhushans\reactive-orientation\target\scala-2.11\classes\application.conf)
	(C:\Users\bhushans\reactive-orientation\conf\routes,C:\Users\bhushans\reactive-orientation\target\scala-2.11\classes\routes)
Total time: 4 s, completed Jun 12, 2015 10:21:40 PM
> server-post-command-cleanup
> server-handle-next-server-request
> {file:/C:/Users/bhushans/reactive-orientation/}root/*:playForkReload
Evaluating tasks: *:playForkReload
Running task... Cancel: sbt.server.ServerTaskCancellation@3af9240, check cycles: false

Initial source changes: 
	removed:Set()
	added: Set()
	modified: Set(C:\Users\bhushans\reactive-orientation\target\scala-2.11\twirl\main\views\html\menu.template.scala)
Removed products: Set()
External API changes: API Changes: Set()
Modified binary dependencies: Set()
Initial directly invalidated sources: Set(C:\Users\bhushans\reactive-orientation\target\scala-2.11\twirl\main\views\html\menu.template.scala)

Sources indirectly invalidated by:
	product: Set()
	binary dep: Set()
	external source: Set()
All initially invalidated sources: Set(C:\Users\bhushans\reactive-orientation\target\scala-2.11\twirl\main\views\html\menu.template.scala)

Read from stdout: Compiling 1 Scala source to C:\Users\bhushans\reactive-orientation\target\scala-2.11\classes...
Compiling 1 Scala source to C:\Users\bhushans\reactive-orientation\target\scala-2.11\classes...
Getting compiler-interface from component compiler for Scala 2.11.1
Other repositories:
Default repositories:
Getting compiler-interface from component compiler for Scala 2.11.1
Other repositories:
Default repositories:
Running cached compiler 544603c4, interfacing (CompilerInterface) with Scala compiler version 2.11.1
Calling Scala compiler with arguments  (CompilerInterface):
	-deprecation
	-unchecked
	-encoding
	utf8
	-bootclasspath
	C:\Program Files\Java\jre1.8.0_45\lib\resources.jar;C:\Program Files\Java\jre1.8.0_45\lib\rt.jar;C:\Program Files\Java\jre1.8.0_45\lib\sunrsasign.jar;C:\Program Files\Java\jre1.8.0_45\lib\jsse.jar;C:\Program Files\Java\jre1.8.0_45\lib\jce.jar;C:\Program Files\Java\jre1.8.0_45\lib\charsets.jar;C:\Program Files\Java\jre1.8.0_45\lib\jfr.jar;C:\Program Files\Java\jre1.8.0_45\classes;C:\Users\bhushans\playactivator-1.3.2\repository\org.scala-lang\scala-library\2.11.1\jars\scala-library.jar
	-classpath
	C:\Users\bhushans\reactive-orientation\target\scala-2.11\classes;C:\Users\bhushans\.ivy2\cache\com.typesafe.play\twirl-api_2.11\jars\twirl-api_2.11-1.0.2.jar;C:\Users\bhushans\.ivy2\cache\org.apache.commons\commons-lang3\jars\commons-lang3-3.1.jar;C:\Users\bhushans\.ivy2\cache\org.scala-lang.modules\scala-xml_2.11\bundles\scala-xml_2.11-1.0.1.jar;C:\Users\bhushans\.ivy2\cache\com.typesafe.play\play_2.11\jars\play_2.11-2.3.9.jar;C:\Users\bhushans\.ivy2\cache\com.typesafe.play\build-link\jars\build-link-2.3.9.jar;C:\Users\bhushans\.ivy2\cache\com.typesafe.play\play-exceptions\jars\play-exceptions-2.3.9.jar;C:\Users\bhushans\.ivy2\cache\org.javassist\javassist\bundles\javassist-3.18.2-GA.jar;C:\Users\bhushans\.ivy2\cache\com.typesafe.play\play-iteratees_2.11\jars\play-iteratees_2.11-2.3.9.jar;C:\Users\bhushans\.ivy2\cache\org.scala-stm\scala-stm_2.11\jars\scala-stm_2.11-0.7.jar;C:\Users\bhushans\.ivy2\cache\com.typesafe\config\bundles\config-1.2.1.jar;C:\Users\bhushans\.ivy2\cache\com.typesafe.play\play-json_2.11\jars\play-json_2.11-2.3.9.jar;C:\Users\bhushans\.ivy2\cache\com.typesafe.play\play-functional_2.11\jars\play-functional_2.11-2.3.9.jar;C:\Users\bhushans\.ivy2\cache\com.typesafe.play\play-datacommons_2.11\jars\play-datacommons_2.11-2.3.9.jar;C:\Users\bhushans\.ivy2\cache\joda-time\joda-time\jars\joda-time-2.3.jar;C:\Users\bhushans\.ivy2\cache\org.joda\joda-convert\jars\joda-convert-1.6.jar;C:\Users\bhushans\.ivy2\cache\com.fasterxml.jackson.core\jackson-annotations\bundles\jackson-annotations-2.3.2.jar;C:\Users\bhushans\.ivy2\cache\com.fasterxml.jackson.core\jackson-core\bundles\jackson-core-2.3.2.jar;C:\Users\bhushans\.ivy2\cache\com.fasterxml.jackson.core\jackson-databind\bundles\jackson-databind-2.3.2.jar;C:\Users\bhushans\.ivy2\cache\org.scala-lang\scala-reflect\jars\scala-reflect-2.11.1.jar;C:\Users\bhushans\.ivy2\cache\org.scala-lang.modules\scala-parser-combinators_2.11\bundles\scala-parser-combinators_2.11-1.0.1.jar;C:\Users\bhushans\.ivy2\cache\io.netty\netty\bundles\netty-3.9.8.Final.jar;C:\Users\bhushans\.ivy2\cache\com.typesafe.netty\netty-http-pipelining\jars\netty-http-pipelining-1.1.2.jar;C:\Users\bhushans\.ivy2\cache\org.slf4j\slf4j-api\jars\slf4j-api-1.7.6.jar;C:\Users\bhushans\.ivy2\cache\org.slf4j\jul-to-slf4j\jars\jul-to-slf4j-1.7.6.jar;C:\Users\bhushans\.ivy2\cache\org.slf4j\jcl-over-slf4j\jars\jcl-over-slf4j-1.7.6.jar;C:\Users\bhushans\.ivy2\cache\ch.qos.logback\logback-core\jars\logback-core-1.1.1.jar;C:\Users\bhushans\.ivy2\cache\ch.qos.logback\logback-classic\jars\logback-classic-1.1.1.jar;C:\Users\bhushans\playactivator-1.3.2\repository\com.typesafe.akka\akka-actor_2.11\2.3.4\jars\akka-actor_2.11.jar;C:\Users\bhushans\playactivator-1.3.2\repository\com.typesafe.akka\akka-slf4j_2.11\2.3.4\jars\akka-slf4j_2.11.jar;C:\Users\bhushans\.ivy2\cache\commons-codec\commons-codec\jars\commons-codec-1.9.jar;C:\Users\bhushans\.ivy2\cache\xerces\xercesImpl\jars\xercesImpl-2.11.0.jar;C:\Users\bhushans\.ivy2\cache\xml-apis\xml-apis\jars\xml-apis-1.4.01.jar;C:\Users\bhushans\.ivy2\cache\javax.transaction\jta\jars\jta-1.1.jar;C:\Users\bhushans\.ivy2\cache\org.scalaz\scalaz-core_2.11\bundles\scalaz-core_2.11-7.0.6.jar
Scala compilation took 12.056723218 s
New invalidations:
	Set()
Initial set of included nodes: Set()
Previously invalidated, but (transitively) depend on new invalidations:
	Set()
All newly invalidated sources after taking into account (previously) recompiled sources:Set()
Copy resource mappings: 
	(C:\Users\bhushans\reactive-orientation\target\scala-2.11\resource_managed\main\public\templates\index.js,C:\Users\bhushans\reactive-orientation\target\scala-2.11\classes\public\templates\index.js)
	(C:\Users\bhushans\reactive-orientation\target\scala-2.11\resource_managed\main\public\templates\templates.pre.js,C:\Users\bhushans\reactive-orientation\target\scala-2.11\classes\public\templates\templates.pre.js)
	(C:\Users\bhushans\reactive-orientation\target\scala-2.11\resource_managed\main\public\templates\application.js,C:\Users\bhushans\reactive-orientation\target\scala-2.11\classes\public\templates\application.js)
	(C:\Users\bhushans\reactive-orientation\target\scala-2.11\resource_managed\main\public\templates\device.js,C:\Users\bhushans\reactive-orientation\target\scala-2.11\classes\public\templates\device.js)
	(C:\Users\bhushans\reactive-orientation\target\scala-2.11\resource_managed\main\public\templates\templates.pre.min.js,C:\Users\bhushans\reactive-orientation\target\scala-2.11\classes\public\templates\templates.pre.min.js)
	(C:\Users\bhushans\reactive-orientation\conf\application.conf,C:\Users\bhushans\reactive-orientation\target\scala-2.11\classes\application.conf)
	(C:\Users\bhushans\reactive-orientation\conf\routes,C:\Users\bhushans\reactive-orientation\target\scala-2.11\classes\routes)
Total time: 17 s, completed Jun 12, 2015 10:29:25 PM
> server-post-command-cleanup
> server-handle-next-server-request
> {file:/C:/Users/bhushans/reactive-orientation/}root/*:playForkReload
Evaluating tasks: *:playForkReload
Running task... Cancel: sbt.server.ServerTaskCancellation@df1c41d, check cycles: false

Initial source changes: 
	removed:Set()
	added: Set()
	modified: Set(C:\Users\bhushans\reactive-orientation\target\scala-2.11\twirl\main\views\html\menu.template.scala)
Removed products: Set()
External API changes: API Changes: Set()
Modified binary dependencies: Set()
Initial directly invalidated sources: Set(C:\Users\bhushans\reactive-orientation\target\scala-2.11\twirl\main\views\html\menu.template.scala)

Sources indirectly invalidated by:
	product: Set()
	binary dep: Set()
	external source: Set()
All initially invalidated sources: Set(C:\Users\bhushans\reactive-orientation\target\scala-2.11\twirl\main\views\html\menu.template.scala)

Read from stdout: Compiling 1 Scala source to C:\Users\bhushans\reactive-orientation\target\scala-2.11\classes...
Compiling 1 Scala source to C:\Users\bhushans\reactive-orientation\target\scala-2.11\classes...
Getting compiler-interface from component compiler for Scala 2.11.1
Other repositories:
Default repositories:
Getting compiler-interface from component compiler for Scala 2.11.1
Other repositories:
Default repositories:
Running cached compiler 75a32d2b, interfacing (CompilerInterface) with Scala compiler version 2.11.1
Calling Scala compiler with arguments  (CompilerInterface):
	-deprecation
	-unchecked
	-encoding
	utf8
	-bootclasspath
	C:\Program Files\Java\jre1.8.0_45\lib\resources.jar;C:\Program Files\Java\jre1.8.0_45\lib\rt.jar;C:\Program Files\Java\jre1.8.0_45\lib\sunrsasign.jar;C:\Program Files\Java\jre1.8.0_45\lib\jsse.jar;C:\Program Files\Java\jre1.8.0_45\lib\jce.jar;C:\Program Files\Java\jre1.8.0_45\lib\charsets.jar;C:\Program Files\Java\jre1.8.0_45\lib\jfr.jar;C:\Program Files\Java\jre1.8.0_45\classes;C:\Users\bhushans\playactivator-1.3.2\repository\org.scala-lang\scala-library\2.11.1\jars\scala-library.jar
	-classpath
	C:\Users\bhushans\reactive-orientation\target\scala-2.11\classes;C:\Users\bhushans\.ivy2\cache\com.typesafe.play\twirl-api_2.11\jars\twirl-api_2.11-1.0.2.jar;C:\Users\bhushans\.ivy2\cache\org.apache.commons\commons-lang3\jars\commons-lang3-3.1.jar;C:\Users\bhushans\.ivy2\cache\org.scala-lang.modules\scala-xml_2.11\bundles\scala-xml_2.11-1.0.1.jar;C:\Users\bhushans\.ivy2\cache\com.typesafe.play\play_2.11\jars\play_2.11-2.3.9.jar;C:\Users\bhushans\.ivy2\cache\com.typesafe.play\build-link\jars\build-link-2.3.9.jar;C:\Users\bhushans\.ivy2\cache\com.typesafe.play\play-exceptions\jars\play-exceptions-2.3.9.jar;C:\Users\bhushans\.ivy2\cache\org.javassist\javassist\bundles\javassist-3.18.2-GA.jar;C:\Users\bhushans\.ivy2\cache\com.typesafe.play\play-iteratees_2.11\jars\play-iteratees_2.11-2.3.9.jar;C:\Users\bhushans\.ivy2\cache\org.scala-stm\scala-stm_2.11\jars\scala-stm_2.11-0.7.jar;C:\Users\bhushans\.ivy2\cache\com.typesafe\config\bundles\config-1.2.1.jar;C:\Users\bhushans\.ivy2\cache\com.typesafe.play\play-json_2.11\jars\play-json_2.11-2.3.9.jar;C:\Users\bhushans\.ivy2\cache\com.typesafe.play\play-functional_2.11\jars\play-functional_2.11-2.3.9.jar;C:\Users\bhushans\.ivy2\cache\com.typesafe.play\play-datacommons_2.11\jars\play-datacommons_2.11-2.3.9.jar;C:\Users\bhushans\.ivy2\cache\joda-time\joda-time\jars\joda-time-2.3.jar;C:\Users\bhushans\.ivy2\cache\org.joda\joda-convert\jars\joda-convert-1.6.jar;C:\Users\bhushans\.ivy2\cache\com.fasterxml.jackson.core\jackson-annotations\bundles\jackson-annotations-2.3.2.jar;C:\Users\bhushans\.ivy2\cache\com.fasterxml.jackson.core\jackson-core\bundles\jackson-core-2.3.2.jar;C:\Users\bhushans\.ivy2\cache\com.fasterxml.jackson.core\jackson-databind\bundles\jackson-databind-2.3.2.jar;C:\Users\bhushans\.ivy2\cache\org.scala-lang\scala-reflect\jars\scala-reflect-2.11.1.jar;C:\Users\bhushans\.ivy2\cache\org.scala-lang.modules\scala-parser-combinators_2.11\bundles\scala-parser-combinators_2.11-1.0.1.jar;C:\Users\bhushans\.ivy2\cache\io.netty\netty\bundles\netty-3.9.8.Final.jar;C:\Users\bhushans\.ivy2\cache\com.typesafe.netty\netty-http-pipelining\jars\netty-http-pipelining-1.1.2.jar;C:\Users\bhushans\.ivy2\cache\org.slf4j\slf4j-api\jars\slf4j-api-1.7.6.jar;C:\Users\bhushans\.ivy2\cache\org.slf4j\jul-to-slf4j\jars\jul-to-slf4j-1.7.6.jar;C:\Users\bhushans\.ivy2\cache\org.slf4j\jcl-over-slf4j\jars\jcl-over-slf4j-1.7.6.jar;C:\Users\bhushans\.ivy2\cache\ch.qos.logback\logback-core\jars\logback-core-1.1.1.jar;C:\Users\bhushans\.ivy2\cache\ch.qos.logback\logback-classic\jars\logback-classic-1.1.1.jar;C:\Users\bhushans\playactivator-1.3.2\repository\com.typesafe.akka\akka-actor_2.11\2.3.4\jars\akka-actor_2.11.jar;C:\Users\bhushans\playactivator-1.3.2\repository\com.typesafe.akka\akka-slf4j_2.11\2.3.4\jars\akka-slf4j_2.11.jar;C:\Users\bhushans\.ivy2\cache\commons-codec\commons-codec\jars\commons-codec-1.9.jar;C:\Users\bhushans\.ivy2\cache\xerces\xercesImpl\jars\xercesImpl-2.11.0.jar;C:\Users\bhushans\.ivy2\cache\xml-apis\xml-apis\jars\xml-apis-1.4.01.jar;C:\Users\bhushans\.ivy2\cache\javax.transaction\jta\jars\jta-1.1.jar;C:\Users\bhushans\.ivy2\cache\org.scalaz\scalaz-core_2.11\bundles\scalaz-core_2.11-7.0.6.jar
Scala compilation took 2.739794136 s
New invalidations:
	Set()
Initial set of included nodes: Set()
Previously invalidated, but (transitively) depend on new invalidations:
	Set()
All newly invalidated sources after taking into account (previously) recompiled sources:Set()
Copy resource mappings: 
	(C:\Users\bhushans\reactive-orientation\target\scala-2.11\resource_managed\main\public\templates\index.js,C:\Users\bhushans\reactive-orientation\target\scala-2.11\classes\public\templates\index.js)
	(C:\Users\bhushans\reactive-orientation\target\scala-2.11\resource_managed\main\public\templates\templates.pre.js,C:\Users\bhushans\reactive-orientation\target\scala-2.11\classes\public\templates\templates.pre.js)
	(C:\Users\bhushans\reactive-orientation\target\scala-2.11\resource_managed\main\public\templates\application.js,C:\Users\bhushans\reactive-orientation\target\scala-2.11\classes\public\templates\application.js)
	(C:\Users\bhushans\reactive-orientation\target\scala-2.11\resource_managed\main\public\templates\device.js,C:\Users\bhushans\reactive-orientation\target\scala-2.11\classes\public\templates\device.js)
	(C:\Users\bhushans\reactive-orientation\target\scala-2.11\resource_managed\main\public\templates\templates.pre.min.js,C:\Users\bhushans\reactive-orientation\target\scala-2.11\classes\public\templates\templates.pre.min.js)
	(C:\Users\bhushans\reactive-orientation\conf\application.conf,C:\Users\bhushans\reactive-orientation\target\scala-2.11\classes\application.conf)
	(C:\Users\bhushans\reactive-orientation\conf\routes,C:\Users\bhushans\reactive-orientation\target\scala-2.11\classes\routes)
Total time: 6 s, completed Jun 12, 2015 10:30:22 PM
> server-post-command-cleanup
> server-handle-next-server-request
> {file:/C:/Users/bhushans/reactive-orientation/}root/*:playForkReload
Evaluating tasks: *:playForkReload
Running task... Cancel: sbt.server.ServerTaskCancellation@74d55938, check cycles: false

Initial source changes: 
	removed:Set()
	added: Set()
	modified: Set(C:\Users\bhushans\reactive-orientation\target\scala-2.11\twirl\main\views\html\menu.template.scala)
Removed products: Set()
External API changes: API Changes: Set()
Modified binary dependencies: Set()
Initial directly invalidated sources: Set(C:\Users\bhushans\reactive-orientation\target\scala-2.11\twirl\main\views\html\menu.template.scala)

Sources indirectly invalidated by:
	product: Set()
	binary dep: Set()
	external source: Set()
All initially invalidated sources: Set(C:\Users\bhushans\reactive-orientation\target\scala-2.11\twirl\main\views\html\menu.template.scala)

Read from stdout: Compiling 1 Scala source to C:\Users\bhushans\reactive-orientation\target\scala-2.11\classes...
Compiling 1 Scala source to C:\Users\bhushans\reactive-orientation\target\scala-2.11\classes...
Getting compiler-interface from component compiler for Scala 2.11.1
Other repositories:
Default repositories:
Getting compiler-interface from component compiler for Scala 2.11.1
Other repositories:
Default repositories:
Running cached compiler 426fb76b, interfacing (CompilerInterface) with Scala compiler version 2.11.1
Calling Scala compiler with arguments  (CompilerInterface):
	-deprecation
	-unchecked
	-encoding
	utf8
	-bootclasspath
	C:\Program Files\Java\jre1.8.0_45\lib\resources.jar;C:\Program Files\Java\jre1.8.0_45\lib\rt.jar;C:\Program Files\Java\jre1.8.0_45\lib\sunrsasign.jar;C:\Program Files\Java\jre1.8.0_45\lib\jsse.jar;C:\Program Files\Java\jre1.8.0_45\lib\jce.jar;C:\Program Files\Java\jre1.8.0_45\lib\charsets.jar;C:\Program Files\Java\jre1.8.0_45\lib\jfr.jar;C:\Program Files\Java\jre1.8.0_45\classes;C:\Users\bhushans\playactivator-1.3.2\repository\org.scala-lang\scala-library\2.11.1\jars\scala-library.jar
	-classpath
	C:\Users\bhushans\reactive-orientation\target\scala-2.11\classes;C:\Users\bhushans\.ivy2\cache\com.typesafe.play\twirl-api_2.11\jars\twirl-api_2.11-1.0.2.jar;C:\Users\bhushans\.ivy2\cache\org.apache.commons\commons-lang3\jars\commons-lang3-3.1.jar;C:\Users\bhushans\.ivy2\cache\org.scala-lang.modules\scala-xml_2.11\bundles\scala-xml_2.11-1.0.1.jar;C:\Users\bhushans\.ivy2\cache\com.typesafe.play\play_2.11\jars\play_2.11-2.3.9.jar;C:\Users\bhushans\.ivy2\cache\com.typesafe.play\build-link\jars\build-link-2.3.9.jar;C:\Users\bhushans\.ivy2\cache\com.typesafe.play\play-exceptions\jars\play-exceptions-2.3.9.jar;C:\Users\bhushans\.ivy2\cache\org.javassist\javassist\bundles\javassist-3.18.2-GA.jar;C:\Users\bhushans\.ivy2\cache\com.typesafe.play\play-iteratees_2.11\jars\play-iteratees_2.11-2.3.9.jar;C:\Users\bhushans\.ivy2\cache\org.scala-stm\scala-stm_2.11\jars\scala-stm_2.11-0.7.jar;C:\Users\bhushans\.ivy2\cache\com.typesafe\config\bundles\config-1.2.1.jar;C:\Users\bhushans\.ivy2\cache\com.typesafe.play\play-json_2.11\jars\play-json_2.11-2.3.9.jar;C:\Users\bhushans\.ivy2\cache\com.typesafe.play\play-functional_2.11\jars\play-functional_2.11-2.3.9.jar;C:\Users\bhushans\.ivy2\cache\com.typesafe.play\play-datacommons_2.11\jars\play-datacommons_2.11-2.3.9.jar;C:\Users\bhushans\.ivy2\cache\joda-time\joda-time\jars\joda-time-2.3.jar;C:\Users\bhushans\.ivy2\cache\org.joda\joda-convert\jars\joda-convert-1.6.jar;C:\Users\bhushans\.ivy2\cache\com.fasterxml.jackson.core\jackson-annotations\bundles\jackson-annotations-2.3.2.jar;C:\Users\bhushans\.ivy2\cache\com.fasterxml.jackson.core\jackson-core\bundles\jackson-core-2.3.2.jar;C:\Users\bhushans\.ivy2\cache\com.fasterxml.jackson.core\jackson-databind\bundles\jackson-databind-2.3.2.jar;C:\Users\bhushans\.ivy2\cache\org.scala-lang\scala-reflect\jars\scala-reflect-2.11.1.jar;C:\Users\bhushans\.ivy2\cache\org.scala-lang.modules\scala-parser-combinators_2.11\bundles\scala-parser-combinators_2.11-1.0.1.jar;C:\Users\bhushans\.ivy2\cache\io.netty\netty\bundles\netty-3.9.8.Final.jar;C:\Users\bhushans\.ivy2\cache\com.typesafe.netty\netty-http-pipelining\jars\netty-http-pipelining-1.1.2.jar;C:\Users\bhushans\.ivy2\cache\org.slf4j\slf4j-api\jars\slf4j-api-1.7.6.jar;C:\Users\bhushans\.ivy2\cache\org.slf4j\jul-to-slf4j\jars\jul-to-slf4j-1.7.6.jar;C:\Users\bhushans\.ivy2\cache\org.slf4j\jcl-over-slf4j\jars\jcl-over-slf4j-1.7.6.jar;C:\Users\bhushans\.ivy2\cache\ch.qos.logback\logback-core\jars\logback-core-1.1.1.jar;C:\Users\bhushans\.ivy2\cache\ch.qos.logback\logback-classic\jars\logback-classic-1.1.1.jar;C:\Users\bhushans\playactivator-1.3.2\repository\com.typesafe.akka\akka-actor_2.11\2.3.4\jars\akka-actor_2.11.jar;C:\Users\bhushans\playactivator-1.3.2\repository\com.typesafe.akka\akka-slf4j_2.11\2.3.4\jars\akka-slf4j_2.11.jar;C:\Users\bhushans\.ivy2\cache\commons-codec\commons-codec\jars\commons-codec-1.9.jar;C:\Users\bhushans\.ivy2\cache\xerces\xercesImpl\jars\xercesImpl-2.11.0.jar;C:\Users\bhushans\.ivy2\cache\xml-apis\xml-apis\jars\xml-apis-1.4.01.jar;C:\Users\bhushans\.ivy2\cache\javax.transaction\jta\jars\jta-1.1.jar;C:\Users\bhushans\.ivy2\cache\org.scalaz\scalaz-core_2.11\bundles\scalaz-core_2.11-7.0.6.jar
Scala compilation took 3.571417636 s
New invalidations:
	Set()
Initial set of included nodes: Set()
Previously invalidated, but (transitively) depend on new invalidations:
	Set()
All newly invalidated sources after taking into account (previously) recompiled sources:Set()
Copy resource mappings: 
	(C:\Users\bhushans\reactive-orientation\target\scala-2.11\resource_managed\main\public\templates\index.js,C:\Users\bhushans\reactive-orientation\target\scala-2.11\classes\public\templates\index.js)
	(C:\Users\bhushans\reactive-orientation\target\scala-2.11\resource_managed\main\public\templates\templates.pre.js,C:\Users\bhushans\reactive-orientation\target\scala-2.11\classes\public\templates\templates.pre.js)
	(C:\Users\bhushans\reactive-orientation\target\scala-2.11\resource_managed\main\public\templates\application.js,C:\Users\bhushans\reactive-orientation\target\scala-2.11\classes\public\templates\application.js)
	(C:\Users\bhushans\reactive-orientation\target\scala-2.11\resource_managed\main\public\templates\device.js,C:\Users\bhushans\reactive-orientation\target\scala-2.11\classes\public\templates\device.js)
	(C:\Users\bhushans\reactive-orientation\target\scala-2.11\resource_managed\main\public\templates\templates.pre.min.js,C:\Users\bhushans\reactive-orientation\target\scala-2.11\classes\public\templates\templates.pre.min.js)
	(C:\Users\bhushans\reactive-orientation\conf\application.conf,C:\Users\bhushans\reactive-orientation\target\scala-2.11\classes\application.conf)
	(C:\Users\bhushans\reactive-orientation\conf\routes,C:\Users\bhushans\reactive-orientation\target\scala-2.11\classes\routes)
Total time: 6 s, completed Jun 12, 2015 10:30:44 PM
> server-post-command-cleanup
> server-handle-next-server-request
